This is LuaTeX, Version 1.10.0 (TeX Live 2019/W32TeX)  (format=lualatex 2019.12.17)  14 AUG 2020 12:06
 system commands enabled.
**gregorio-tex-render.tex
(./gregorio-tex-render.tex
LaTeX2e <2019-10-01> patch level 3
Lua module: luaotfload-main 2019-11-10 3.11 luaotfload entry point
Lua module: luaotfload-init 2019-11-10 3.11 luaotfload submodule / initializatio
n
Lua module: lualibs 2019-11-06 2.69 ConTeXt Lua standard libraries.
Lua module: lualibs-extended 2019-11-06 2.69 ConTeXt Lua libraries -- extended c
ollection.
Lua module: luaotfload-log 2019-11-10 3.11 luaotfload submodule / logging
Lua module: luaotfload-parsers 2019-11-10 3.11 luaotfload submodule / filelist
Lua module: luaotfload-configuration 2019-11-10 3.11 luaotfload submodule / conf
ig file reader
luaotfload | conf : Root cache directory is C:/texlive/2019/texmf-var/luatex-cac
he/generic/names.
luaotfload | init : Loading fontloader “fontloader-2019-10-29.lua” from kpse
-resolved path “c:/texlive/2019/texmf-dist/tex/luatex/luaotfload/fontloader-20
19-10-29.lua”.
Lua-only attribute luaotfload@state = 2
Lua-only attribute luaotfload@noligature = 3
Lua-only attribute luaotfload@syllabe = 4
luaotfload | init : Context OpenType loader version “3.11”
Inserting `luaotfload.node_processor' at position 1 in `pre_linebreak_filter'.
Inserting `luaotfload.node_processor' at position 1 in `hpack_filter'.
Lua module: luaotfload-loaders 2019-11-10 3.11 luaotfload submodule / callback h
andling
Inserting `luaotfload.define_font' at position 1 in `define_font'.
Lua module: luaotfload-database 2019-11-10 3.11 luaotfload submodule / database
Lua module: luaotfload-unicode 2019-11-10 3.11 luaotfload submodule / Unicode he
lpers
Lua module: luaotfload-colors 2019-11-10 3.11 luaotfload submodule / color
Lua-only attribute luaotfload_color_attribute = 5
Lua module: luaotfload-resolvers 2019-11-10 3.11 luaotfload submodule / resolver
s
luaotfload | conf : Root cache directory is C:/texlive/2019/texmf-var/luatex-cac
he/generic/names.
Lua module: luaotfload-features 2019-11-10 3.11 luaotfload submodule / features
Lua module: luaotfload-letterspace 2019-11-10 3.11 luaotfload submodule / color
Lua module: luaotfload-embolden 2019-11-10 3.11 luaotfload submodule / color
Lua module: luaotfload-notdef 2019-11-10 3.11 luaotfload submodule / color
Lua module: luaotfload-auxiliary 2019-11-10 3.11 luaotfload submodule / auxiliar
y functions
Inserting `luaotfload.aux.set_sscale_dimens' at position 1 in `luaotfload.patch_
font'.
Inserting `luaotfload.aux.set_font_index' at position 2 in `luaotfload.patch_fon
t'.
Inserting `luaotfload.aux.patch_cambria_domh' at position 3 in `luaotfload.patch
_font'.
Inserting `luaotfload.aux.fixup_fontdata' at position 1 in `luaotfload.patch_fon
t_unsafe'.
Inserting `luaotfload.aux.set_capheight' at position 4 in `luaotfload.patch_font
'.
Inserting `luaotfload.aux.set_xheight' at position 5 in `luaotfload.patch_font'.
Lua module: luaotfload-multiscript 2019-11-10 3.11 luaotfload submodule / multis
cript
Lua module: luaotfload-tounicode 2019-11-10 3.11 luaotfload submodule / tounicod
e
Inserting `luaotfload.rewrite_fontname' at position 6 in `luaotfload.patch_font'
.
luaotfload | main : initialization completed in 0.183 seconds
(../front-tex.sty (c:/texlive/2019/texmf-dist/tex/latex/base/book.cls
Document Class: book 2019/10/25 v1.4k Standard LaTeX document class
(c:/texlive/2019/texmf-dist/tex/latex/base/bk11.clo
File: bk11.clo 2019/10/25 v1.4k Standard LaTeX file (size option)
luaotfload | db : Font names database loaded from C:/texlive/2019/texmf-var/luat
ex-cache/generic/names/luaotfload-names.luc)
\c@part=\count80
\c@chapter=\count81
\c@section=\count82
\c@subsection=\count83
\c@subsubsection=\count84
\c@paragraph=\count85
\c@subparagraph=\count86
\c@figure=\count87
\c@table=\count88
\abovecaptionskip=\skip41
\belowcaptionskip=\skip42
\bibindent=\dimen102
)
(c:/texlive/2019/texmf-dist/tex/latex/geometry/geometry.sty
Package: geometry 2018/04/16 v5.8 Page Geometry

(c:/texlive/2019/texmf-dist/tex/latex/graphics/keyval.sty
Package: keyval 2014/10/28 v1.15 key=value parser (DPC)
\KV@toks@=\toks14
)
(c:/texlive/2019/texmf-dist/tex/generic/iftex/ifpdf.sty
Package: ifpdf 2019/10/25 v3.4 ifpdf legacy package. Use iftex instead.

(c:/texlive/2019/texmf-dist/tex/generic/iftex/iftex.sty
Package: iftex 2019/11/07 v1.0c TeX engine tests
))
(c:/texlive/2019/texmf-dist/tex/generic/iftex/ifvtex.sty
Package: ifvtex 2019/10/25 v1.7 ifvtex legacy package. Use iftex instead.
)
(c:/texlive/2019/texmf-dist/tex/generic/iftex/ifxetex.sty
Package: ifxetex 2019/10/25 v0.7 ifxetex legacy package. Use iftex instead.
)
\Gm@cnth=\count89
\Gm@cntv=\count90
\c@Gm@tempcnt=\count91
\Gm@bindingoffset=\dimen103
\Gm@wd@mp=\dimen104
\Gm@odd@mp=\dimen105
\Gm@even@mp=\dimen106
\Gm@layoutwidth=\dimen107
\Gm@layoutheight=\dimen108
\Gm@layouthoffset=\dimen109
\Gm@layoutvoffset=\dimen110
\Gm@dimlist=\toks15
)
(c:/texlive/2019/texmf-dist/tex/latex/fancyhdr/fancyhdr.sty
Package: fancyhdr 2019/01/31 v3.10 Extensive control of page headers and footers

\f@nch@headwidth=\skip43
\f@nch@O@elh=\skip44
\f@nch@O@erh=\skip45
\f@nch@O@olh=\skip46
\f@nch@O@orh=\skip47
\f@nch@O@elf=\skip48
\f@nch@O@erf=\skip49
\f@nch@O@olf=\skip50
\f@nch@O@orf=\skip51
)
(c:/texlive/texmf-local/tex/lualatex/gregoriotex/gregoriotex.sty
Package: gregoriotex 2019/04/06 v5.2.1 GregorioTeX system.

(c:/texlive/2019/texmf-dist/tex/latex/xcolor/xcolor.sty
Package: xcolor 2016/05/11 v2.12 LaTeX color extensions (UK)

(c:/texlive/2019/texmf-dist/tex/latex/graphics-cfg/color.cfg
File: color.cfg 2016/01/02 v1.6 sample color configuration
)
Package xcolor Info: Driver file: luatex.def on input line 225.

(c:/texlive/2019/texmf-dist/tex/latex/graphics-def/luatex.def
File: luatex.def 2018/01/08 v1.0l Graphics/color driver for luatex
)
Package xcolor Info: Model `cmy' substituted by `cmy0' on input line 1348.
Package xcolor Info: Model `hsb' substituted by `rgb' on input line 1352.
Package xcolor Info: Model `RGB' extended on input line 1364.
Package xcolor Info: Model `HTML' substituted by `rgb' on input line 1366.
Package xcolor Info: Model `Hsb' substituted by `hsb' on input line 1367.
Package xcolor Info: Model `tHsb' substituted by `hsb' on input line 1368.
Package xcolor Info: Model `HSB' substituted by `hsb' on input line 1369.
Package xcolor Info: Model `Gray' substituted by `gray' on input line 1370.
Package xcolor Info: Model `wave' substituted by `hsb' on input line 1371.
)
(c:/texlive/2019/texmf-dist/tex/latex/kvoptions/kvoptions.sty
Package: kvoptions 2019/11/29 v3.13 Key value format for package options (HO)

(c:/texlive/2019/texmf-dist/tex/generic/oberdiek/ltxcmds.sty
Package: ltxcmds 2016/05/16 v1.23 LaTeX kernel commands for general use (HO)
)
(c:/texlive/2019/texmf-dist/tex/generic/oberdiek/kvsetkeys.sty
Package: kvsetkeys 2016/05/16 v1.17 Key value parser (HO)

(c:/texlive/2019/texmf-dist/tex/generic/infwarerr/infwarerr.sty
Package: infwarerr 2019/12/03 v1.5 Providing info/warning/error messages (HO)
)
(c:/texlive/2019/texmf-dist/tex/generic/oberdiek/etexcmds.sty
Package: etexcmds 2016/05/16 v1.6 Avoid name clashes with e-TeX commands (HO)

(c:/texlive/2019/texmf-dist/tex/generic/iftex/ifluatex.sty
Package: ifluatex 2019/10/25 v1.5 ifluatex legacy package. Use iftex instead.
))))
(c:/texlive/2019/texmf-dist/tex/latex/graphics/graphicx.sty
Package: graphicx 2017/06/01 v1.1a Enhanced LaTeX Graphics (DPC,SPQR)

(c:/texlive/2019/texmf-dist/tex/latex/graphics/graphics.sty
Package: graphics 2019/11/01 v1.3d Standard LaTeX Graphics (DPC,SPQR)

(c:/texlive/2019/texmf-dist/tex/latex/graphics/trig.sty
Package: trig 2016/01/03 v1.10 sin cos tan (DPC)
)
(c:/texlive/2019/texmf-dist/tex/latex/graphics-cfg/graphics.cfg
File: graphics.cfg 2016/06/04 v1.11 sample graphics configuration
)
Package graphics Info: Driver file: luatex.def on input line 105.
)
\Gin@req@height=\dimen111
\Gin@req@width=\dimen112
)
(c:/texlive/2019/texmf-dist/tex/luatex/luatexbase/luatexbase.sty
Package: luatexbase 2015/10/04 v1.3 luatexbase interface to LuaTeX 

(c:/texlive/2019/texmf-dist/tex/luatex/ctablestack/ctablestack.sty
Package: ctablestack 2015/10/01 v1.0 Catcode table stable support
\@catcodetablestackcnt=\count92
)
\CatcodeTableOther=\catcodetable5
\CatcodeTableExpl=\catcodetable6
)
(c:/texlive/2019/texmf-dist/tex/luatex/luamplib/luamplib.sty
Package: luamplib 2019/12/11 v2.20.4 mplib package for LuaTeX
Lua module: luamplib 2019/12/11 2.20.4 Lua package to typeset Metapost with LuaT
eX's MPLib.
\mplibtmptoks=\toks16
\everymplibtoks=\toks17
\everyendmplibtoks=\toks18
\mplibscratchbox=\box27
)
(c:/texlive/2019/texmf-dist/tex/generic/xstring/xstring.sty
(c:/texlive/2019/texmf-dist/tex/generic/xstring/xstring.tex
\integerpart=\count93
\decimalpart=\count94
)
Package: xstring 2019/02/06 v1.83 String manipulations (CT)
)
(c:/texlive/texmf-local/tex/luatex/gregoriotex/gregoriotex-main.tex
(c:/texlive/texmf-local/tex/luatex/gregoriotex/gregoriotex-common.tex)
\gre@attr@dash=\attribute6
\gre@attr@center=\attribute7
\GreScoreId=\attribute8
\gre@attr@glyph@id=\attribute9
\gre@attr@glyph@top=\attribute10
\gre@attr@glyph@bottom=\attribute11
\gre@attr@syllable@id=\attribute12
\gre@atletter=\catcodetable7
Lua module: gregoriotex 2019/04/06 5.2.1 GregorioTeX module.
Custom whatsit marker = 1
Module gregoriotex Info: marker whatsit id is 1 on input line 131

(gregorio-tex-render.gaux)
Module gregoriotex Info: Reading gregorio-tex-render.gaux on input line 135
Inserting `gregoriotex.write_greaux' at position 1 in `finish_pdffile'.
\gre@gaux=\write3
\gre@read@temp=\read1
\gre@factor=\count95

(c:/texlive/texmf-local/tex/luatex/gregoriotex/gregoriotex-spaces.tex
\gre@hyphenpenaltysave=\count96
\gre@exhyphenpenaltysave=\count97
\gre@doublehyphendemeritssave=\count98
\gre@finalhyphendemeritssave=\count99
\gre@brokenpenaltysave=\count100
\gre@loosenesssave=\count101
\gre@tolerancesave=\count102
\gre@pretolerancesave=\count103
\gre@emergencystretchsave=\skip52
\gre@widowpenaltysave=\count104
\gre@clubpenaltysave=\count105
\gre@saved@parskip=\skip53
\gre@saved@lineskip=\skip54
\gre@saved@baselineskip=\skip55
\gre@saved@lineskiplimit=\skip56
\gre@dimen@textlower=\dimen113
\gre@dimen@stafflinewidth=\dimen114
\gre@dimen@linewidth=\dimen115
\gre@dimen@stafflineheight=\dimen116
\gre@dimen@interstafflinespace=\dimen117
\gre@dimen@stafflinediff=\dimen118
\gre@dimen@constantglyphraise=\dimen119
\gre@dimen@staffheight=\dimen120
\gre@skip@syllablefinalskip=\skip57
\gre@skip@minTextDistance=\skip58
\gre@skip@minNotesDistance=\skip59
\gre@dimen@curTextDistance=\dimen121
\gre@dimen@curNotesDistance=\dimen122
\gre@skip@minShiftText=\skip60
\gre@skip@minShiftNotes=\skip61
\gre@dimen@bolshift=\dimen123
\gre@dimen@bolextra=\dimen124
\gre@dimen@clefwidth@current=\dimen125
\gre@dimen@clefwidth@largest=\dimen126
\gre@dimen@clefwidth@bol=\dimen127
\gre@dimen@eolshift=\dimen128
\gre@dimen@glyphraisevalue=\dimen129
\gre@dimen@additionalbottomspace=\dimen130
\gre@dimen@additionaltopspace=\dimen131
\gre@dimen@additionaltopspacealt=\dimen132
\gre@dimen@additionaltopspacenabc=\dimen133
\gre@saved@dimen@additionalbottomspace=\dimen134
\gre@saved@dimen@additionaltopspace=\dimen135
\gre@saved@dimen@additionaltopspacealt=\dimen136
\gre@saved@dimen@additionaltopspacenabc=\dimen137
\gre@saved@dimen@currenttranslationheight=\dimen138
\gre@saved@dimen@textlower=\dimen139
\gre@saved@dimen@currentabovelinestextheight=\dimen140
\gre@saved@dimen@constantglyphraise=\dimen141
\gre@space@count@additionaltopspacethreshold=\count106
\gre@space@count@additionaltopspacealtthreshold=\count107
\gre@space@count@additionaltopspacenabcthreshold=\count108
\gre@space@count@noteadditionalspacelinestextthreshold=\count109
\gre@dimen@textaligncenter=\dimen142
\gre@dimen@enddifference=\dimen143
\gre@dimen@previousenddifference=\dimen144
\gre@dimen@currenttranslationheight=\dimen145
\gre@skip@nextbegindifference=\skip62
\gre@dimen@annotationtrueraise=\dimen146
\gre@dimen@commentarytrueraise=\dimen147
\gre@skip@bar@requirement=\skip63
\gre@skip@bar@allocation=\skip64
\gre@dimen@bar@shift=\dimen148
\gre@skip@text@requirement=\skip65
\gre@skip@text@allocation=\skip66
\gre@dimen@text@shift=\dimen149
\gre@dimen@adjustedpreviousenddifference=\dimen150
\gre@skip@adjustednextbegindifference=\dimen151
\gre@skip@punctummorashift=\skip67
\gre@skip@alterationshift=\skip68
\gre@dimen@begindifference=\dimen152
\gre@dimen@lastglyphwidth=\dimen153
\gre@dimen@notesaligncenter=\dimen154
\gre@dimen@additionalleftspace=\dimen155
\gre@dimen@initialwidth=\dimen156
\gre@dimen@currentabovelinestextheight=\dimen157
\gre@dimen@temp@one=\dimen158
\gre@dimen@temp@two=\dimen159
\gre@dimen@temp@three=\dimen160
\gre@dimen@temp@four=\dimen161
\gre@dimen@temp@five=\dimen162
\gre@skip@temp@one=\skip69
\gre@skip@temp@two=\skip70
\gre@skip@temp@three=\skip71
\gre@skip@temp@four=\skip72
\gre@count@temp@one=\count110
\gre@count@temp@two=\count111
\gre@count@temp@three=\count112
\gre@space@count@newlinepenalty=\count113
\gre@space@count@nobreakpenalty=\count114
\gre@space@count@endofwordpenalty=\count115
\gre@space@count@endofsyllablepenalty=\count116
\gre@space@count@endafterbarpenalty=\count117
\gre@space@count@endafterbaraltpenalty=\count118
\gre@space@count@finalpenalty=\count119
\gre@space@count@endofelementpenalty=\count120
\gre@space@count@hyphenpenalty=\count121
\gre@space@count@brokenpenalty=\count122
\gre@space@count@looseness=\count123
\gre@space@count@tolerance=\count124
\gre@space@count@pretolerance=\count125
\gre@space@count@widowpenalty=\count126
\gre@space@count@clubpenalty=\count127
\greconffactor=\count128
)
\gre@box@temp@width=\box28
\gre@box@initial=\box29
\gre@biginitial=\count129
\gre@knownline=\count130
\gre@box@annotation=\box30
\gre@box@add=\box31
\gre@box@old=\box32
\gre@count@annotationvalign=\count131
\gre@box@commentary=\box33
\gre@box@lines=\box34
Module gregoriotex Info: Registering variant font greciliae as gre@font@variant@
A. on input line 993
Module gregoriotex Info: Registering variant font greciliae-hollow as gre@font@v
ariant@B. on input line 993
Module gregoriotex Info: Registering variant font greciliae-hole as gre@font@var
iant@C. on input line 993
luaotfload | cache : Lookup cache loaded from C:/texlive/2019/texmf-var/luatex-c
ache/generic/names/luaotfload-lookup-cache.luc.
Module gregoriotex Info: Mapping font greciliae on input line 998
Module gregoriotex Info: Mapping font greciliae-hollow on input line 998
Module gregoriotex Info: Mapping font greciliae-hole on input line 998

(c:/texlive/texmf-local/tex/luatex/gregoriotex/gregoriotex-chars.tex
\gre@box@hep=\box35
)
(c:/texlive/texmf-local/tex/luatex/gregoriotex/gregoriotex-signs.tex
\gre@box@temp@clef=\box36
\gre@box@temp@cleftwo=\box37
\greslurheight=\dimen163
\gre@box@temp@sign=\box38
\gre@count@shiftaftermora=\count132
\gre@dimen@morawidth=\dimen164
\gre@skip@bar@lastskip=\skip73
\gre@count@lastglyphiscavum=\count133
)
(c:/texlive/texmf-local/tex/luatex/gregoriotex/gregoriotex-syllable.tex
\gre@generate@pointandclick=\count134
\gre@box@syllablenotes=\box39
\gre@box@syllabletext=\box40
\gre@clivisalignment=\count135
\gre@count@unbreakabletotalnotes=\count136
\gre@count@unbreakableinitialnotes=\count137
\gre@count@unbreakablefinalnotes=\count138
\gre@count@syllablenotes=\count139
)
\gre@variableheightexpansion=\count140
\gre@lastoflinecount=\count141
\gre@nobreakpenaltysave=\count142
\gre@endofwordpenaltysave=\count143
\gre@endofsyllablepenaltysave=\count144
\gre@endafterbarpenaltysave=\count145
\gre@endafterbaraltpenaltysave=\count146
\gre@endofelementpenaltysave=\count147
\gre@lasteuouaeindex=\count148

(c:/texlive/texmf-local/tex/luatex/gregoriotex/gregoriotex-symbols.tex
Module gregoriotex Info: Registering variant font greextra as gre@font@variant@D
. on input line 53
)
(c:/texlive/texmf-local/tex/luatex/gregoriotex/gsp-default.tex)
(c:/texlive/texmf-local/tex/luatex/gregoriotex/gregoriotex-nabc.tex)))
(c:/texlive/texmf-local/tex/lualatex/gregoriotex/gregoriosyms.sty
Package: gregoriosyms 2019/04/06 v5.2.1 GregorioTeX symbols only.
)
(c:/texlive/2019/texmf-dist/tex/latex/titlesec/titlesec.sty
Package: titlesec 2019/10/16 v2.13 Sectioning titles
\ttl@box=\box41
\beforetitleunit=\skip74
\aftertitleunit=\skip75
\ttl@plus=\dimen165
\ttl@minus=\dimen166
\ttl@toksa=\toks19
\titlewidth=\dimen167
\titlewidthlast=\dimen168
\titlewidthfirst=\dimen169
)
(c:/texlive/2019/texmf-dist/tex/latex/imakeidx/imakeidx.sty
Package: imakeidx 2016/10/15 v1.3e Package for typesetting indices in a synchron
ous mode

(c:/texlive/2019/texmf-dist/tex/latex/xkeyval/xkeyval.sty
Package: xkeyval 2014/12/03 v2.7a package option processing (HA)

(c:/texlive/2019/texmf-dist/tex/generic/xkeyval/xkeyval.tex
(c:/texlive/2019/texmf-dist/tex/generic/xkeyval/xkvutils.tex
\XKV@toks=\toks20
\XKV@tempa@toks=\toks21
)
\XKV@depth=\count149
File: xkeyval.tex 2014/12/03 v2.7a key=value parser (HA)
))
(c:/texlive/2019/texmf-dist/tex/latex/tools/multicol.sty
Package: multicol 2019/03/01 v1.8w multicolumn formatting (FMi)
\c@tracingmulticols=\count150
\mult@box=\box42
\multicol@leftmargin=\dimen170
\c@unbalance=\count151
\c@collectmore=\count152
\doublecol@number=\count153
\multicoltolerance=\count154
\multicolpretolerance=\count155
\full@width=\dimen171
\page@free=\dimen172
\premulticols=\dimen173
\postmulticols=\dimen174
\multicolsep=\skip76
\multicolbaselineskip=\skip77
\partial@page=\box43
\last@line=\box44
\maxbalancingoverflow=\dimen175
\mult@rightbox=\box45
\mult@grightbox=\box46
\mult@gfirstbox=\box47
\mult@firstbox=\box48
\@tempa=\box49
\@tempa=\box50
\@tempa=\box51
\@tempa=\box52
\@tempa=\box53
\@tempa=\box54
\@tempa=\box55
\@tempa=\box56
\@tempa=\box57
\@tempa=\box58
\@tempa=\box59
\@tempa=\box60
\@tempa=\box61
\@tempa=\box62
\@tempa=\box63
\@tempa=\box64
\@tempa=\box65
\c@minrows=\count156
\c@columnbadness=\count157
\c@finalcolumnbadness=\count158
\last@try=\dimen176
\multicolovershoot=\dimen177
\multicolundershoot=\dimen178
\mult@nat@firstbox=\box66
\colbreak@box=\box67
\mc@col@check@num=\count159
))
\incipit@idxfile=\write4

\openout4 = incipit.idx

Writing index file incipit.idx
(c:/texlive/2019/texmf-dist/tex/latex/idxlayout/idxlayout.sty
Package: idxlayout 2012/03/30 v0.4d Configurable index layout

(c:/texlive/2019/texmf-dist/tex/latex/etoolbox/etoolbox.sty
Package: etoolbox 2019/09/21 v2.5h e-TeX tools for LaTeX (JAW)
\etb@tempcnta=\count160
)
\c@idxcols=\count161
\indexcolsep=\skip78
\indexrule=\skip79
\ila@indentunit=\skip80
\ila@initsep=\skip81
)
(c:/texlive/2019/texmf-dist/tex/generic/ulem/ulem.sty
\UL@box=\box68
\UL@hyphenbox=\box69
\UL@skip=\skip82
\UL@hook=\toks22
\UL@height=\dimen179
\UL@pe=\count162
\UL@pixel=\dimen180
\ULC@box=\box70
Package: ulem 2012/05/18
\ULdepth=\dimen181
)
(c:/texlive/2019/texmf-dist/tex/generic/babel/babel.sty
Package: babel 2019/12/08 3.37 The Babel package

(c:/texlive/2019/texmf-dist/tex/generic/babel/switch.def
File: switch.def 2019/12/08 3.37 Babel switching mechanism
)
(c:/texlive/2019/texmf-dist/tex/generic/babel/luababel.def
\l@dumylang=\language2
Package babel Info: Non-standard hyphenation setup on input line 114.
\l@nohyphenation=\language3
\l@german-x-2019-04-04=\language4
\l@ngerman-x-2019-04-04=\language5
\l@afrikaans=\language6
\l@ancientgreek=\language7
\l@ibycus=\language8
\l@arabic=\language9
\l@armenian=\language10
\l@basque=\language11
\l@belarusian=\language12
\l@bulgarian=\language13
\l@catalan=\language14
\l@pinyin=\language15
\l@churchslavonic=\language16
\l@coptic=\language17
\l@croatian=\language18
\l@czech=\language19
\l@danish=\language20
\l@dutch=\language21
\l@ukenglish=\language22
\l@usenglishmax=\language23
\l@esperanto=\language24
\l@estonian=\language25
\l@ethiopic=\language26
\l@farsi=\language27
\l@finnish=\language28
\l@french=\language29
\l@friulan=\language30
\l@galician=\language31
\l@georgian=\language32
\l@german=\language33
\l@ngerman=\language34
\l@swissgerman=\language35
\l@monogreek=\language36
\l@greek=\language37
\l@hungarian=\language38
\l@icelandic=\language39
\l@assamese=\language40
\l@bengali=\language41
\l@gujarati=\language42
\l@hindi=\language43
\l@kannada=\language44
\l@malayalam=\language45
\l@marathi=\language46
\l@oriya=\language47
\l@panjabi=\language48
\l@pali=\language49
\l@tamil=\language50
\l@telugu=\language51
\l@indonesian=\language52
\l@interlingua=\language53
\l@irish=\language54
\l@italian=\language55
\l@kurmanji=\language56
\l@latin=\language57
\l@classiclatin=\language58
\l@liturgicallatin=\language59
\l@latvian=\language60
\l@lithuanian=\language61
\l@mongolian=\language62
\l@mongolianlmc=\language63
\l@bokmal=\language64
\l@nynorsk=\language65
\l@occitan=\language66
\l@piedmontese=\language67
\l@polish=\language68
\l@portuguese=\language69
\l@romanian=\language70
\l@romansh=\language71
\l@russian=\language72
\l@sanskrit=\language73
\l@serbian=\language74
\l@serbianc=\language75
\l@slovak=\language76
\l@slovenian=\language77
\l@spanish=\language78
\l@swedish=\language79
\l@thai=\language80
\l@turkish=\language81
\l@turkmen=\language82
\l@ukrainian=\language83
\l@uppersorbian=\language84
\l@welsh=\language85
)
(c:/texlive/2019/texmf-dist/tex/generic/babel-latin/latin.ldf
Language: latin 2015/08/20 v.3.5 Latin support from the babel system

(c:/texlive/2019/texmf-dist/tex/generic/babel/babel.def
File: babel.def 2019/12/08 3.37 Babel common definitions
\babel@savecnt=\count163
\U@D=\dimen182

(c:/texlive/2019/texmf-dist/tex/generic/babel/luababel.def
\bbl@attr@locale=\attribute13
))
Package babel Info: Making " an active character on input line 188.

(c:/texlive/2019/texmf-dist/tex/generic/hyph-utf8/loadhyph/loadhyph-la.tex
UTF-8 Latin hyphenation patterns
(c:/texlive/2019/texmf-dist/tex/generic/hyph-utf8/patterns/tex/hyph-la.tex)))
(c:/texlive/2019/texmf-dist/tex/generic/babel-english/english.ldf
Language: english 2017/06/06 v3.3r English support from the babel system
Package babel Info: \l@canadian = using hyphenrules for english
(babel)             (\language0) on input line 102.
Package babel Info: \l@australian = using hyphenrules for ukenglish
(babel)             (\language22) on input line 105.
Package babel Info: \l@newzealand = using hyphenrules for ukenglish
(babel)             (\language22) on input line 108.
))
(c:/texlive/2019/texmf-dist/tex/latex/lettrine/lettrine.sty
File: lettrine.sty 2019-04-06 v2.22 (Daniel Flipo)

(c:/texlive/2019/texmf-dist/tex/generic/minifp/minifp.sty
Package: minifp 2013/12/30 v0.96. Macros for real number operations and a stack-
based programing language.
\MFP@loopctr=\count164
)
\c@DefaultLines=\count165
\c@DefaultDepth=\count166
\DefaultFindent=\dimen183
\DefaultNindent=\dimen184
\DefaultSlope=\dimen185
\DiscardVskip=\dimen186
\L@lbox=\box71
\L@tbox=\box72
\c@L@lines=\count167
\c@L@depth=\count168
\L@Pindent=\dimen187
\L@Findent=\dimen188
\L@Nindent=\dimen189
\L@lraise=\dimen190
\L@first=\dimen191
\L@next=\dimen192
\L@slope=\dimen193
\L@height=\dimen194
\L@novskip=\dimen195
\L@target@ht=\dimen196
\L@target@dp=\dimen197
\L@target@tht=\dimen198
\LettrineWidth=\dimen199
\LettrineHeight=\dimen256
\LettrineDepth=\dimen257
\Llist@everypar=\toks23

Loading lettrine.cfg
(c:/texlive/2019/texmf-dist/tex/latex/lettrine/lettrine.cfg))
(c:/texlive/2019/texmf-dist/tex/latex/paracol/paracol.sty
Package: paracol 2018/12/31 v1.35 
\pcol@currcol=\count169
\pcol@nextcol=\count170
\pcol@ncol=\count171
\pcol@ncolleft=\count172
\pcol@page=\count173
\pcol@basepage=\count174
\pcol@toppage=\count175
\pcol@footnotebase=\count176
\pcol@nfootnotes=\count177
\pcol@mcid=\count178
\pcol@prevdepth=\dimen258
\pcol@colht=\dimen259
\pcol@textfloatsep=\dimen260
\pcol@lrmargin=\dimen261
\pagerim=\dimen262
\pcol@topskip=\skip83
\belowfootnoteskip=\skip84
\pcol@topfnotes=\box73
\pcol@prespan=\box74
\pcol@rightpage=\box75
\pcol@colorstack@saved=\box76
\pcol@tempboxa=\box77
\pcol@tempboxb=\box78
\pcol@colorins=\insert252
\pcol@everyvbox=\toks24
)
(c:/texlive/2019/texmf-dist/tex/latex/fontspec/fontspec.sty
(c:/texlive/2019/texmf-dist/tex/latex/l3packages/xparse/xparse.sty
(c:/texlive/2019/texmf-dist/tex/latex/l3kernel/expl3.sty
Package: expl3 2019-11-07 L3 programming layer (loader) 

(c:/texlive/2019/texmf-dist/tex/latex/l3kernel/expl3-code.tex
Package: expl3 2019-11-07 L3 programming layer (code)
\c_max_int=\count179
\l_tmpa_int=\count180
\l_tmpb_int=\count181
\g_tmpa_int=\count182
\g_tmpb_int=\count183
\l__seq_internal_a_int=\count184
\l__seq_internal_b_int=\count185
\g__kernel_prg_map_int=\count186
\c__ior_term_noprompt_ior=\count187
\c_log_iow=\count188
\l_iow_line_count_int=\count189
\l__iow_line_target_int=\count190
\l__iow_one_indent_int=\count191
\l__iow_indent_int=\count192
\c_zero_dim=\dimen263
\c_max_dim=\dimen264
\l_tmpa_dim=\dimen265
\l_tmpb_dim=\dimen266
\g_tmpa_dim=\dimen267
\g_tmpb_dim=\dimen268
\c_zero_skip=\skip85
\c_max_skip=\skip86
\l_tmpa_skip=\skip87
\l_tmpb_skip=\skip88
\g_tmpa_skip=\skip89
\g_tmpb_skip=\skip90
\c_zero_muskip=\muskip10
\c_max_muskip=\muskip11
\l_tmpa_muskip=\muskip12
\l_tmpb_muskip=\muskip13
\g_tmpa_muskip=\muskip14
\g_tmpb_muskip=\muskip15
\l_keys_choice_int=\count193
\l__intarray_loop_int=\count194
\c__intarray_sp_dim=\dimen269
\g__intarray_font_int=\count195
\c__fp_leading_shift_int=\count196
\c__fp_middle_shift_int=\count197
\c__fp_trailing_shift_int=\count198
\c__fp_big_leading_shift_int=\count199
\c__fp_big_middle_shift_int=\count266
\c__fp_big_trailing_shift_int=\count267
\c__fp_Bigg_leading_shift_int=\count268
\c__fp_Bigg_middle_shift_int=\count269
\c__fp_Bigg_trailing_shift_int=\count270
\g__fp_array_int=\count271
\l__fp_array_loop_int=\count272
\l__sort_length_int=\count273
\l__sort_min_int=\count274
\l__sort_top_int=\count275
\l__sort_max_int=\count276
\l__sort_true_max_int=\count277
\l__sort_block_int=\count278
\l__sort_begin_int=\count279
\l__sort_end_int=\count280
\l__sort_A_int=\count281
\l__sort_B_int=\count282
\l__sort_C_int=\count283
\l__str_internal_int=\count284
\l__tl_analysis_normal_int=\count285
\l__tl_analysis_index_int=\count286
\l__tl_analysis_nesting_int=\count287
\l__tl_analysis_type_int=\count288
\l__regex_internal_a_int=\count289
\l__regex_internal_b_int=\count290
\l__regex_internal_c_int=\count291
\l__regex_balance_int=\count292
\l__regex_group_level_int=\count293
\l__regex_mode_int=\count294
\c__regex_cs_in_class_mode_int=\count295
\c__regex_cs_mode_int=\count296
\l__regex_catcodes_int=\count297
\l__regex_default_catcodes_int=\count298
\c__regex_catcode_L_int=\count299
\c__regex_catcode_O_int=\count300
\c__regex_catcode_A_int=\count301
\c__regex_all_catcodes_int=\count302
\l__regex_show_lines_int=\count303
\l__regex_min_state_int=\count304
\l__regex_max_state_int=\count305
\l__regex_left_state_int=\count306
\l__regex_right_state_int=\count307
\l__regex_capturing_group_int=\count308
\l__regex_min_pos_int=\count309
\l__regex_max_pos_int=\count310
\l__regex_curr_pos_int=\count311
\l__regex_start_pos_int=\count312
\l__regex_success_pos_int=\count313
\l__regex_curr_char_int=\count314
\l__regex_curr_catcode_int=\count315
\l__regex_last_char_int=\count316
\l__regex_case_changed_char_int=\count317
\l__regex_curr_state_int=\count318
\l__regex_step_int=\count319
\l__regex_min_active_int=\count320
\l__regex_max_active_int=\count321
\l__regex_replacement_csnames_int=\count322
\l__regex_match_count_int=\count323
\l__regex_min_submatch_int=\count324
\l__regex_submatch_int=\count325
\l__regex_zeroth_submatch_int=\count326
\g__regex_trace_regex_int=\count327
\c_empty_box=\box79
\l_tmpa_box=\box80
\l_tmpb_box=\box81
\g_tmpa_box=\box82
\g_tmpb_box=\box83
\l__box_top_dim=\dimen270
\l__box_bottom_dim=\dimen271
\l__box_left_dim=\dimen272
\l__box_right_dim=\dimen273
\l__box_top_new_dim=\dimen274
\l__box_bottom_new_dim=\dimen275
\l__box_left_new_dim=\dimen276
\l__box_right_new_dim=\dimen277
\l__box_internal_box=\box84
\l__coffin_internal_box=\box85
\l__coffin_internal_dim=\dimen278
\l__coffin_offset_x_dim=\dimen279
\l__coffin_offset_y_dim=\dimen280
\l__coffin_x_dim=\dimen281
\l__coffin_y_dim=\dimen282
\l__coffin_x_prime_dim=\dimen283
\l__coffin_y_prime_dim=\dimen284
\c_empty_coffin=\box86
\l__coffin_aligned_coffin=\box87
\l__coffin_aligned_internal_coffin=\box88
\l_tmpa_coffin=\box89
\l_tmpb_coffin=\box90
\g_tmpa_coffin=\box91
\g_tmpb_coffin=\box92
\l__coffin_bounding_shift_dim=\dimen285
\l__coffin_left_corner_dim=\dimen286
\l__coffin_right_corner_dim=\dimen287
\l__coffin_bottom_corner_dim=\dimen288
\l__coffin_top_corner_dim=\dimen289
\l__coffin_scaled_total_height_dim=\dimen290
\l__coffin_scaled_width_dim=\dimen291
\c__coffin_empty_coffin=\box93
\l__coffin_display_coffin=\box94
\l__coffin_display_coord_coffin=\box95
\l__coffin_display_pole_coffin=\box96
\l__coffin_display_offset_dim=\dimen292
\l__coffin_display_x_dim=\dimen293
\l__coffin_display_y_dim=\dimen294
\g__char_data_ior=\read2

(c:/texlive/2019/texmf-dist/tex/latex/l3kernel/l3deprecation.def
File: l3deprecation.def 2019-04-06 v L3 Deprecated functions
))
(c:/texlive/2019/texmf-dist/tex/latex/l3backend/l3backend-pdfmode.def
File: l3backend-pdfmode.def 2019-04-06 L3 backend support: PDF mode
\l__kernel_color_stack_int=\count328
\l__pdf_internal_box=\box97
))
Package: xparse 2019-10-11 L3 Experimental document command parser
\l__xparse_current_arg_int=\count329
\g__xparse_grabber_int=\count330
\l__xparse_m_args_int=\count331
\l__xparse_v_nesting_int=\count332
)
Package: fontspec 2019/10/19 v2.7d Font selection for XeLaTeX and LuaLaTeX
Lua module: fontspec 2019/10/19 2.7d Font selection for XeLaTeX and LuaLaTeX
(c:/texlive/2019/texmf-dist/tex/latex/fontspec/fontspec-luatex.sty
Package: fontspec-luatex 2019/10/19 v2.7d Font selection for XeLaTeX and LuaLaTe
X
\l__fontspec_script_int=\count333
\l__fontspec_language_int=\count334
\l__fontspec_strnum_int=\count335
\l__fontspec_tmp_int=\count336
\l__fontspec_tmpa_int=\count337
\l__fontspec_tmpb_int=\count338
\l__fontspec_tmpc_int=\count339
\l__fontspec_em_int=\count340
\l__fontspec_emdef_int=\count341
\l__fontspec_strong_int=\count342
\l__fontspec_strongdef_int=\count343
\l__fontspec_tmpa_dim=\dimen295
\l__fontspec_tmpb_dim=\dimen296
\l__fontspec_tmpc_dim=\dimen297

(c:/texlive/2019/texmf-dist/tex/latex/base/fontenc.sty
Package: fontenc 2018/08/11 v2.0j Standard LaTeX package

(c:/texlive/2019/texmf-dist/tex/latex/base/tuenc.def
File: tuenc.def 2018/08/11 v2.0j Standard LaTeX file
LaTeX Font Info:    Redeclaring font encoding TU on input line 82.
))
(c:/texlive/2019/texmf-dist/tex/latex/fontspec/fontspec.cfg)
LaTeX Info: Redefining \itshape on input line 3785.
LaTeX Info: Redefining \slshape on input line 3790.
LaTeX Info: Redefining \scshape on input line 3795.
LaTeX Info: Redefining \upshape on input line 3800.
LaTeX Info: Redefining \em on input line 3830.
LaTeX Info: Redefining \emph on input line 3855.
))
luaotfload | aux : font no 38 (nil) does not define feature smcp for script latn
 with language dflt
luaotfload | aux : font no 40 (nil) does not define feature smcp for script latn
 with language dflt

Package fontspec Info: Font family 'LTCGoudyOldstylePro.ttf(0)' created for
(fontspec)             font 'LTCGoudyOldstylePro.ttf' with options
(fontspec)             [Ligatures=TeX,Ligatures=TeX,BoldFont=LTCGoudyOldstylePro
-Bold,ItalicFont=LTCGoudyOldstylePro-Italic,BoldItalicFont=LTCGoudyOldstylePro-B
oldItalic,Path=../fonts/,Extension=.ttf].
(fontspec)              
(fontspec)              This font family consists of the following NFSS
(fontspec)             series/shapes:
(fontspec)              
(fontspec)             - 'normal' (m/n) with NFSS spec.:
(fontspec)             <->"[../fonts/LTCGoudyOldstylePro.ttf]:mode=node;script=l
atn;language=DFLT;+tlig;"
(fontspec)             - 'small caps'  (m/sc) with NFSS spec.:
(fontspec)             <->"[../fonts/LTCGoudyOldstylePro.ttf]:mode=node;script=l
atn;language=DFLT;+tlig;+smcp;"
(fontspec)             - 'bold' (bx/n) with NFSS spec.:
(fontspec)             <->"[../fonts/LTCGoudyOldstylePro-Bold.ttf]:mode=node;scr
ipt=latn;language=DFLT;+tlig;"
(fontspec)             - 'bold small caps'  (bx/sc) with NFSS spec.: 
(fontspec)             - 'italic' (m/it) with NFSS spec.:
(fontspec)             <->"[../fonts/LTCGoudyOldstylePro-Italic.ttf]:mode=node;s
cript=latn;language=DFLT;+tlig;"
(fontspec)             - 'italic small caps'  (m/itsc) with NFSS spec.:
(fontspec)             <->"[../fonts/LTCGoudyOldstylePro-Italic.ttf]:mode=node;s
cript=latn;language=DFLT;+tlig;+smcp;"
(fontspec)             - 'bold italic' (bx/it) with NFSS spec.:
(fontspec)             <->"[../fonts/LTCGoudyOldstylePro-BoldItalic.ttf]:mode=no
de;script=latn;language=DFLT;+tlig;"
(fontspec)             - 'bold italic small caps'  (bx/itsc) with NFSS spec.: 

LaTeX Info: Redefining \rmfamily on input line 82.

(c:/texlive/2019/texmf-dist/tex/latex/unicode-math/unicode-math.sty
Package: unicode-math 2019/09/26 v0.8p Unicode maths in XeLaTeX and LuaLaTeX

(c:/texlive/2019/texmf-dist/tex/latex/unicode-math/unicode-math-luatex.sty
Package: unicode-math-luatex 2019/09/26 v0.8p Unicode maths in XeLaTeX and LuaLa
TeX

(c:/texlive/2019/texmf-dist/tex/latex/l3packages/l3keys2e/l3keys2e.sty
Package: l3keys2e 2019-10-11 LaTeX2e option processing using LaTeX3 keys
)
(c:/texlive/2019/texmf-dist/tex/latex/base/fix-cm.sty
Package: fix-cm 2015/01/14 v1.1t fixes to LaTeX

(c:/texlive/2019/texmf-dist/tex/latex/base/ts1enc.def
File: ts1enc.def 2001/06/05 v3.0e (jk/car/fm) Standard LaTeX file
))
(c:/texlive/2019/texmf-dist/tex/latex/amsmath/amsmath.sty
Package: amsmath 2019/11/16 v2.17d AMS math features
\@mathmargin=\skip91

For additional information on amsmath, use the `?' option.
(c:/texlive/2019/texmf-dist/tex/latex/amsmath/amstext.sty
Package: amstext 2000/06/29 v2.01 AMS text

(c:/texlive/2019/texmf-dist/tex/latex/amsmath/amsgen.sty
File: amsgen.sty 1999/11/30 v2.0 generic functions
\@emptytoks=\toks25
\ex@=\dimen298
))
(c:/texlive/2019/texmf-dist/tex/latex/amsmath/amsbsy.sty
Package: amsbsy 1999/11/29 v1.2d Bold Symbols
\pmbraise@=\dimen299
)
(c:/texlive/2019/texmf-dist/tex/latex/amsmath/amsopn.sty
Package: amsopn 2016/03/08 v2.02 operator names
)
\inf@bad=\count344
LaTeX Info: Redefining \frac on input line 227.
\uproot@=\count345
\leftroot@=\count346
LaTeX Info: Redefining \overline on input line 389.
\classnum@=\count347
\DOTSCASE@=\count348
LaTeX Info: Redefining \ldots on input line 486.
LaTeX Info: Redefining \dots on input line 489.
LaTeX Info: Redefining \cdots on input line 610.
\Mathstrutbox@=\box98
\strutbox@=\box99
\big@size=\dimen300
LaTeX Font Info:    Redeclaring font encoding OML on input line 733.
LaTeX Font Info:    Redeclaring font encoding OMS on input line 734.
\macc@depth=\count349
\c@MaxMatrixCols=\count350
\dotsspace@=\muskip16
\c@parentequation=\count351
\dspbrk@lvl=\count352
\tag@help=\toks26
\row@=\count353
\column@=\count354
\maxfields@=\count355
\andhelp@=\toks27
\eqnshift@=\dimen301
\alignsep@=\dimen302
\tagshift@=\dimen303
\tagwidth@=\dimen304
\totwidth@=\dimen305
\lineht@=\dimen306
\@envbody=\toks28
\multlinegap=\skip92
\multlinetaggap=\skip93
\mathdisplay@stack=\toks29
LaTeX Info: Redefining \[ on input line 2858.
LaTeX Info: Redefining \] on input line 2859.
)
(c:/texlive/2019/texmf-dist/tex/lualatex/lualatex-math/lualatex-math.sty
Package: lualatex-math 2019/01/21 v1.8 Patches for mathematics typesetting with 
LuaLaTeX

(c:/texlive/2019/texmf-dist/tex/latex/filehook/filehook.sty
Package: filehook 2019/10/03 v0.6 Hooks for input files
)
Lua module: lualatex-math 2013/08/03 1.3 Patches for mathematics typesetting wit
h LuaLaTeX

Package lualatex-math Info: I'm going to patch macro \subarray.


Package lualatex-math Info: I'm going to patch macro \frac .


Package lualatex-math Info: I'm going to patch macro \genfrac .

)
\g__um_fam_int=\count356
\g__um_fonts_used_int=\count357
\l__um_primecount_int=\count358
\g__um_primekern_muskip=\muskip17

(c:/texlive/2019/texmf-dist/tex/latex/unicode-math/unicode-math-table.tex)))

Package fontspec Info: Could not resolve font "LatinModernMath-Regular/B" (it
(fontspec)             probably doesn't exist).


Package fontspec Info: Font family 'LatinModernMath-Regular(0)' created for
(fontspec)             font 'LatinModernMath-Regular' with options
(fontspec)             [Renderer=Basic,BoldItalicFont={},ItalicFont={},SmallCaps
Font={},Script=Math,FontAdjustment={\__um_luatex_copy_fontdimens:
(fontspec)             }].
(fontspec)              
(fontspec)              This font family consists of the following NFSS
(fontspec)             series/shapes:
(fontspec)              
(fontspec)             - 'normal' (m/n) with NFSS spec.:
(fontspec)             <->"LatinModernMath-Regular:mode=base;script=math;languag
e=DFLT;"
(fontspec)             - 'small caps'  (m/sc) with NFSS spec.: 
(fontspec)             and font adjustment code:
(fontspec)             \__um_luatex_copy_fontdimens: 


Package fontspec Info: Could not resolve font "LatinModernMath-Regular/B" (it
(fontspec)             probably doesn't exist).


Package fontspec Info: Font family 'LatinModernMath-Regular(1)' created for
(fontspec)             font 'LatinModernMath-Regular' with options
(fontspec)             [Renderer=Basic,BoldItalicFont={},ItalicFont={},SmallCaps
Font={},Script=Math,SizeFeatures={{Size=9.3075-},{Size=6.57-9.3075,Font=LatinMod
ernMath-Regular,Style=MathScript},{Size=-6.57,Font=LatinModernMath-Regular,Style
=MathScriptScript}},FontAdjustment={\__um_luatex_copy_fontdimens:
(fontspec)             }].
(fontspec)              
(fontspec)              This font family consists of the following NFSS
(fontspec)             series/shapes:
(fontspec)              
(fontspec)             - 'normal' (m/n) with NFSS spec.:
(fontspec)             <9.3075->"LatinModernMath-Regular:mode=base;script=math;l
anguage=DFLT;"<6.57-9.3075>"LatinModernMath-Regular:mode=base;script=math;langua
ge=DFLT;+ssty=0;"<-6.57>"LatinModernMath-Regular:mode=base;script=math;language=
DFLT;+ssty=1;"
(fontspec)             - 'small caps'  (m/sc) with NFSS spec.: 
(fontspec)             and font adjustment code:
(fontspec)             \__um_luatex_copy_fontdimens: 

LaTeX Font Info:    Encoding `OT1' has changed to `TU' for symbol font
(Font)              `operators' in the math version `normal' on input line 88.
LaTeX Font Info:    Overwriting symbol font `operators' in version `normal'
(Font)                  OT1/cmr/m/n --> TU/LatinModernMath-Regular(1)/m/n on inp
ut line 88.
LaTeX Font Info:    Encoding `OT1' has changed to `TU' for symbol font
(Font)              `operators' in the math version `bold' on input line 88.
LaTeX Font Info:    Overwriting symbol font `operators' in version `bold'
(Font)                  OT1/cmr/bx/n --> TU/LatinModernMath-Regular(1)/bx/n on i
nput line 88.

Package fontspec Info: LatinModernMath-Regular scale = 1.0001.


Package fontspec Info: Could not resolve font "LatinModernMath-Regular/B" (it
(fontspec)             probably doesn't exist).


Package fontspec Info: LatinModernMath-Regular scale = 1.0001.


Package fontspec Info: LatinModernMath-Regular scale = 1.0001.


Package fontspec Info: LatinModernMath-Regular scale = 1.0001.


Package fontspec Info: Font family 'LatinModernMath-Regular(2)' created for
(fontspec)             font 'LatinModernMath-Regular' with options
(fontspec)             [Renderer=Basic,BoldItalicFont={},ItalicFont={},SmallCaps
Font={},Script=Math,SizeFeatures={{Size=9.3075-},{Size=6.57-9.3075,Font=LatinMod
ernMath-Regular,Style=MathScript},{Size=-6.57,Font=LatinModernMath-Regular,Style
=MathScriptScript}},FontAdjustment={\__um_luatex_copy_fontdimens:
(fontspec)             },ScaleAgain=1.0001,FontAdjustment={\fontdimen 8\font
(fontspec)             =7.41315pt\relax \fontdimen 9\font =4.31429pt\relax
(fontspec)             \fontdimen 10\font =4.86179pt\relax \fontdimen 11\font
(fontspec)             =7.51169pt\relax \fontdimen 12\font =3.77774pt\relax
(fontspec)             \fontdimen 13\font =3.97484pt\relax \fontdimen 14\font
(fontspec)             =3.97484pt\relax \fontdimen 15\font =3.16454pt\relax
(fontspec)             \fontdimen 16\font =2.70464pt\relax \fontdimen 17\font
(fontspec)             =2.70464pt\relax \fontdimen 18\font =2.73749pt\relax
(fontspec)             \fontdimen 19\font =2.18999pt\relax \fontdimen 22\font
(fontspec)             =2.73749pt\relax \fontdimen 20\font =0pt\relax
(fontspec)             \fontdimen 21\font =0pt\relax }].
(fontspec)              
(fontspec)              This font family consists of the following NFSS
(fontspec)             series/shapes:
(fontspec)              
(fontspec)             - 'normal' (m/n) with NFSS spec.:
(fontspec)             <9.3075->s*[1.0001]"LatinModernMath-Regular:mode=base;scr
ipt=math;language=DFLT;"<6.57-9.3075>s*[1.0001]"LatinModernMath-Regular:mode=bas
e;script=math;language=DFLT;+ssty=0;"<-6.57>s*[1.0001]"LatinModernMath-Regular:m
ode=base;script=math;language=DFLT;+ssty=1;"
(fontspec)             - 'small caps'  (m/sc) with NFSS spec.: 
(fontspec)             and font adjustment code:
(fontspec)             \__um_luatex_copy_fontdimens: \fontdimen 8\font
(fontspec)             =7.41315pt\relax \fontdimen 9\font =4.31429pt\relax
(fontspec)             \fontdimen 10\font =4.86179pt\relax \fontdimen 11\font
(fontspec)             =7.51169pt\relax \fontdimen 12\font =3.77774pt\relax
(fontspec)             \fontdimen 13\font =3.97484pt\relax \fontdimen 14\font
(fontspec)             =3.97484pt\relax \fontdimen 15\font =3.16454pt\relax
(fontspec)             \fontdimen 16\font =2.70464pt\relax \fontdimen 17\font
(fontspec)             =2.70464pt\relax \fontdimen 18\font =2.73749pt\relax
(fontspec)             \fontdimen 19\font =2.18999pt\relax \fontdimen 22\font
(fontspec)             =2.73749pt\relax \fontdimen 20\font =0pt\relax
(fontspec)             \fontdimen 21\font =0pt\relax 

LaTeX Font Info:    Encoding `OMS' has changed to `TU' for symbol font
(Font)              `symbols' in the math version `normal' on input line 88.
LaTeX Font Info:    Overwriting symbol font `symbols' in version `normal'
(Font)                  OMS/cmsy/m/n --> TU/LatinModernMath-Regular(2)/m/n on in
put line 88.
LaTeX Font Info:    Encoding `OMS' has changed to `TU' for symbol font
(Font)              `symbols' in the math version `bold' on input line 88.
LaTeX Font Info:    Overwriting symbol font `symbols' in version `bold'
(Font)                  OMS/cmsy/b/n --> TU/LatinModernMath-Regular(2)/bx/n on i
nput line 88.

Package fontspec Info: LatinModernMath-Regular scale = 0.9999.


Package fontspec Info: Could not resolve font "LatinModernMath-Regular/B" (it
(fontspec)             probably doesn't exist).


Package fontspec Info: LatinModernMath-Regular scale = 0.9999.


Package fontspec Info: LatinModernMath-Regular scale = 0.9999.


Package fontspec Info: LatinModernMath-Regular scale = 0.9999.


Package fontspec Info: Font family 'LatinModernMath-Regular(3)' created for
(fontspec)             font 'LatinModernMath-Regular' with options
(fontspec)             [Renderer=Basic,BoldItalicFont={},ItalicFont={},SmallCaps
Font={},Script=Math,SizeFeatures={{Size=9.3075-},{Size=6.57-9.3075,Font=LatinMod
ernMath-Regular,Style=MathScript},{Size=-6.57,Font=LatinModernMath-Regular,Style
=MathScriptScript}},FontAdjustment={\__um_luatex_copy_fontdimens:
(fontspec)             },ScaleAgain=0.9999,FontAdjustment={\fontdimen 8\font
(fontspec)             =0.43799pt\relax \fontdimen 9\font =2.18999pt\relax
(fontspec)             \fontdimen 10\font =1.82864pt\relax \fontdimen 11\font
(fontspec)             =1.21544pt\relax \fontdimen 12\font =6.56999pt\relax
(fontspec)             \fontdimen 13\font =0pt\relax }].
(fontspec)              
(fontspec)              This font family consists of the following NFSS
(fontspec)             series/shapes:
(fontspec)              
(fontspec)             - 'normal' (m/n) with NFSS spec.:
(fontspec)             <9.3075->s*[0.9999]"LatinModernMath-Regular:mode=base;scr
ipt=math;language=DFLT;"<6.57-9.3075>s*[0.9999]"LatinModernMath-Regular:mode=bas
e;script=math;language=DFLT;+ssty=0;"<-6.57>s*[0.9999]"LatinModernMath-Regular:m
ode=base;script=math;language=DFLT;+ssty=1;"
(fontspec)             - 'small caps'  (m/sc) with NFSS spec.: 
(fontspec)             and font adjustment code:
(fontspec)             \__um_luatex_copy_fontdimens: \fontdimen 8\font
(fontspec)             =0.43799pt\relax \fontdimen 9\font =2.18999pt\relax
(fontspec)             \fontdimen 10\font =1.82864pt\relax \fontdimen 11\font
(fontspec)             =1.21544pt\relax \fontdimen 12\font =6.56999pt\relax
(fontspec)             \fontdimen 13\font =0pt\relax 

LaTeX Font Info:    Encoding `OMX' has changed to `TU' for symbol font
(Font)              `largesymbols' in the math version `normal' on input line 88
.
LaTeX Font Info:    Overwriting symbol font `largesymbols' in version `normal'
(Font)                  OMX/cmex/m/n --> TU/LatinModernMath-Regular(3)/m/n on in
put line 88.
LaTeX Font Info:    Encoding `OMX' has changed to `TU' for symbol font
(Font)              `largesymbols' in the math version `bold' on input line 88.
LaTeX Font Info:    Overwriting symbol font `largesymbols' in version `bold'
(Font)                  OMX/cmex/m/n --> TU/LatinModernMath-Regular(3)/bx/n on i
nput line 88.
LaTeX Font Info:    Font shape `TU/LatinModernMath-Regular(2)/m/n' will be
(Font)              scaled to size 10.95116pt on input line 88.
LaTeX Font Info:    Font shape `TU/LatinModernMath-Regular(2)/m/n' will be
(Font)              scaled to size 7.6658pt on input line 88.
LaTeX Font Info:    Font shape `TU/LatinModernMath-Regular(2)/m/n' will be
(Font)              scaled to size 5.47559pt on input line 88.
LaTeX Font Info:    Font shape `TU/LatinModernMath-Regular(3)/m/n' will be
(Font)              scaled to size 10.94882pt on input line 88.
LaTeX Font Info:    Font shape `TU/LatinModernMath-Regular(3)/m/n' will be
(Font)              scaled to size 7.66417pt on input line 88.
LaTeX Font Info:    Font shape `TU/LatinModernMath-Regular(3)/m/n' will be
(Font)              scaled to size 5.47441pt on input line 88.

(c:/texlive/2019/texmf-dist/tex/latex/tools/indentfirst.sty
Package: indentfirst 1995/11/23 v1.03 Indent first paragraph (DPC)
)
(c:/texlive/2019/texmf-dist/tex/latex/hyperref/hyperref.sty
Package: hyperref 2019/11/10 v7.00c Hypertext links for LaTeX

(c:/texlive/2019/texmf-dist/tex/latex/pdftexcmds/pdftexcmds.sty
Package: pdftexcmds 2019/11/24 v0.31 Utility functions of pdfTeX for LuaTeX (HO)

Package pdftexcmds Info: \pdf@primitive is available.
Package pdftexcmds Info: \pdf@ifprimitive is available.
Package pdftexcmds Info: \pdfdraftmode found.
\pdftexcmds@toks=\toks30
)
(c:/texlive/2019/texmf-dist/tex/generic/oberdiek/kvdefinekeys.sty
Package: kvdefinekeys 2016/05/16 v1.4 Define keys (HO)
)
(c:/texlive/2019/texmf-dist/tex/generic/pdfescape/pdfescape.sty
Package: pdfescape 2019/12/09 v1.15 Implements pdfTeX's escape features (HO)
)
(c:/texlive/2019/texmf-dist/tex/latex/oberdiek/hycolor.sty
Package: hycolor 2016/05/16 v1.8 Color options for hyperref/bookmark (HO)

(c:/texlive/2019/texmf-dist/tex/latex/oberdiek/xcolor-patch.sty
Package: xcolor-patch 2016/05/16 xcolor patch

(c:/texlive/2019/texmf-dist/tex/latex/oberdiek/hopatch.sty
Package: hopatch 2016/05/16 v1.3 Wrapper for package hooks (HO)
)))
(c:/texlive/2019/texmf-dist/tex/latex/letltxmacro/letltxmacro.sty
Package: letltxmacro 2019/12/03 v1.6 Let assignment for LaTeX macros (HO)
)
(c:/texlive/2019/texmf-dist/tex/latex/oberdiek/auxhook.sty
Package: auxhook 2016/05/16 v1.4 Hooks for auxiliary files (HO)
)
\@linkdim=\dimen307
\Hy@linkcounter=\count359
\Hy@pagecounter=\count360

(c:/texlive/2019/texmf-dist/tex/latex/hyperref/pd1enc.def
File: pd1enc.def 2019/11/10 v7.00c Hyperref: PDFDocEncoding definition (HO)
)
(c:/texlive/2019/texmf-dist/tex/generic/oberdiek/intcalc.sty
Package: intcalc 2016/05/16 v1.2 Expandable calculations with integers (HO)
)
\Hy@SavedSpaceFactor=\count361

(c:/texlive/2019/texmf-dist/tex/latex/latexconfig/hyperref.cfg
File: hyperref.cfg 2002/06/06 v1.2 hyperref configuration of TeXLive
)
Package hyperref Info: Hyper figures OFF on input line 4535.
Package hyperref Info: Link nesting OFF on input line 4540.
Package hyperref Info: Hyper index ON on input line 4543.
Package hyperref Info: Plain pages OFF on input line 4550.
Package hyperref Info: Backreferencing OFF on input line 4555.
Package hyperref Info: Implicit mode ON; LaTeX internals redefined.
Package hyperref Info: Bookmarks ON on input line 4788.
\c@Hy@tempcnt=\count362

(c:/texlive/2019/texmf-dist/tex/latex/url/url.sty
\Urlmuskip=\muskip18
Package: url 2013/09/16  ver 3.4  Verb mode for urls, etc.
)
LaTeX Info: Redefining \url on input line 5147.
\XeTeXLinkMargin=\dimen308

(c:/texlive/2019/texmf-dist/tex/generic/bitset/bitset.sty
Package: bitset 2019/12/09 v1.3 Handle bit-vector datatype (HO)

(c:/texlive/2019/texmf-dist/tex/generic/oberdiek/bigintcalc.sty
Package: bigintcalc 2016/05/16 v1.4 Expandable calculations on big integers (HO)

))
\Fld@menulength=\count363
\Field@Width=\dimen309
\Fld@charsize=\dimen310
Package hyperref Info: Hyper figures OFF on input line 6418.
Package hyperref Info: Link nesting OFF on input line 6423.
Package hyperref Info: Hyper index ON on input line 6426.
Package hyperref Info: backreferencing OFF on input line 6433.
Package hyperref Info: Link coloring OFF on input line 6438.
Package hyperref Info: Link coloring with OCG OFF on input line 6443.
Package hyperref Info: PDF/A mode OFF on input line 6448.
LaTeX Info: Redefining \ref on input line 6488.
LaTeX Info: Redefining \pageref on input line 6492.

(c:/texlive/2019/texmf-dist/tex/generic/atbegshi/atbegshi.sty
Package: atbegshi 2019/12/05 v1.19 At begin shipout hook (HO)
)
\Hy@abspage=\count364
\c@Item=\count365
\c@Hfootnote=\count366
)
Package hyperref Info: Driver (autodetected): hluatex.

(c:/texlive/2019/texmf-dist/tex/latex/hyperref/hluatex.def
File: hluatex.def 2019/11/10 v7.00c Hyperref driver for luaTeX

(c:/texlive/2019/texmf-dist/tex/latex/hyperref/puenc.def
File: puenc.def 2019/11/10 v7.00c Hyperref: PDF Unicode definition (HO)
)
(c:/texlive/2019/texmf-dist/tex/generic/stringenc/stringenc.sty
Package: stringenc 2019/11/29 v1.12 Convert strings between diff. encodings (HO)

)
(c:/texlive/2019/texmf-dist/tex/latex/atveryend/atveryend.sty
Package: atveryend 2019-12-11 v1.11 Hooks at the very end of document (HO)
)
\Fld@listcount=\count367
\c@bookmark@seq@number=\count368

(c:/texlive/2019/texmf-dist/tex/latex/rerunfilecheck/rerunfilecheck.sty
Package: rerunfilecheck 2019/12/05 v1.9 Rerun checks for auxiliary files (HO)

(c:/texlive/2019/texmf-dist/tex/generic/oberdiek/uniquecounter.sty
Package: uniquecounter 2016/05/16 v1.3 Provide unlimited unique counter (HO)
)
Package uniquecounter Info: New unique counter `rerunfilecheck' on input line 28
6.
)
\Hy@SectionHShift=\skip94
)
\drop=\skip95

(c:/texlive/2019/texmf-dist/tex/latex/ragged2e/ragged2e.sty
Package: ragged2e 2019/07/28 v2.2 ragged2e Package (MS)

(c:/texlive/2019/texmf-dist/tex/latex/ms/everysel.sty
Package: everysel 2011/10/28 v1.2 EverySelectfont Package (MS)
)
\CenteringLeftskip=\skip96
\RaggedLeftLeftskip=\skip97
\RaggedRightLeftskip=\skip98
\CenteringRightskip=\skip99
\RaggedLeftRightskip=\skip100
\RaggedRightRightskip=\skip101
\CenteringParfillskip=\skip102
\RaggedLeftParfillskip=\skip103
\RaggedRightParfillskip=\skip104
\JustifyingParfillskip=\skip105
\CenteringParindent=\skip106
\RaggedLeftParindent=\skip107
\RaggedRightParindent=\skip108
\JustifyingParindent=\skip109
)
(./gregorio-tex-render.aux)
\openout1 = gregorio-tex-render.aux

LaTeX Font Info:    Checking defaults for OML/cmm/m/it on input line 122.
LaTeX Font Info:    ... okay on input line 122.
LaTeX Font Info:    Checking defaults for T1/cmr/m/n on input line 122.
LaTeX Font Info:    ... okay on input line 122.
LaTeX Font Info:    Checking defaults for OT1/cmr/m/n on input line 122.
LaTeX Font Info:    ... okay on input line 122.
LaTeX Font Info:    Checking defaults for OMS/cmsy/m/n on input line 122.
LaTeX Font Info:    ... okay on input line 122.
LaTeX Font Info:    Checking defaults for TU/lmr/m/n on input line 122.
LaTeX Font Info:    ... okay on input line 122.
LaTeX Font Info:    Checking defaults for OMX/cmex/m/n on input line 122.
LaTeX Font Info:    ... okay on input line 122.
LaTeX Font Info:    Checking defaults for U/cmr/m/n on input line 122.
LaTeX Font Info:    ... okay on input line 122.
LaTeX Font Info:    Checking defaults for TS1/cmr/m/n on input line 122.
LaTeX Font Info:    ... okay on input line 122.
LaTeX Font Info:    Checking defaults for PD1/pdf/m/n on input line 122.
LaTeX Font Info:    ... okay on input line 122.
LaTeX Font Info:    Checking defaults for PU/pdf/m/n on input line 122.
LaTeX Font Info:    ... okay on input line 122.

*geometry* driver: auto-detecting
*geometry* detected driver: luatex
*geometry* verbose mode - [ preamble ] result:
* driver: luatex
* paper: custom
* layout: <same size as paper>
* layoutoffset:(h,v)=(0.0pt,0.0pt)
* modes: twoside 
* h-part:(L,W,R)=(36.135pt, 325.215pt, 36.135pt)
* v-part:(T,H,B)=(36.135pt, 542.02501pt, 36.135pt)
* \paperwidth=397.48499pt
* \paperheight=614.295pt
* \textwidth=325.215pt
* \textheight=542.02501pt
* \oddsidemargin=-36.135pt
* \evensidemargin=-36.135pt
* \topmargin=-71.135pt
* \headheight=30.0pt
* \headsep=5.0pt
* \topskip=11.0pt
* \footskip=27.46295pt
* \marginparwidth=116.0pt
* \marginparsep=7.0pt
* \columnsep=10.0pt
* \skip\footins=10.0pt plus 4.0pt minus 2.0pt
* \hoffset=0.0pt
* \voffset=0.0pt
* \mag=1000
* \@twocolumnfalse
* \@twosidetrue
* \@mparswitchtrue
* \@reversemarginfalse
* (1in=72.27pt=25.4mm, 1cm=28.453pt)

(c:/texlive/2019/texmf-dist/tex/context/base/mkii/supp-pdf.mkii
[Loading MPS to PDF converter (version 2006.09.02).]
\scratchcounter=\count369
\scratchdimen=\dimen311
\scratchbox=\box100
\nofMPsegments=\count370
\nofMParguments=\count371
\everyMPshowfont=\toks31
\MPscratchCnt=\count372
\MPscratchDim=\dimen312
\MPnumerator=\count373
\makeMPintoPDFobject=\count374
\everyMPtoPDFconversion=\toks32
) (c:/texlive/2019/texmf-dist/tex/latex/epstopdf-pkg/epstopdf-base.sty
Package: epstopdf-base 2019-12-09 v2.10 Base part for package epstopdf
Package epstopdf-base Info: Redefining graphics rule for `.eps' on input line 48
5.

(c:/texlive/2019/texmf-dist/tex/latex/latexconfig/epstopdf-sys.cfg
File: epstopdf-sys.cfg 2010/07/13 v1.3 Configuration of (r)epstopdf for TeX Live

))
LaTeX Font Info:    Overwriting math alphabet `\mathrm' in version `normal'
(Font)                  TU/LatinModernMath-Regular(1)/m/n --> TU/LTCGoudyOldstyl
ePro.ttf(0)/m/n on input line 122.
LaTeX Font Info:    Overwriting math alphabet `\mathit' in version `normal'
(Font)                  OT1/cmr/m/it --> TU/LTCGoudyOldstylePro.ttf(0)/m/it on i
nput line 122.
LaTeX Font Info:    Overwriting math alphabet `\mathbf' in version `normal'
(Font)                  OT1/cmr/bx/n --> TU/LTCGoudyOldstylePro.ttf(0)/bx/n on i
nput line 122.
LaTeX Font Info:    Overwriting math alphabet `\mathsf' in version `normal'
(Font)                  OT1/cmss/m/n --> TU/lmss/m/n on input line 122.
LaTeX Font Info:    Overwriting math alphabet `\mathsf' in version `bold'
(Font)                  OT1/cmss/bx/n --> TU/lmss/bx/n on input line 122.
LaTeX Font Info:    Overwriting math alphabet `\mathtt' in version `normal'
(Font)                  OT1/cmtt/m/n --> TU/lmtt/m/n on input line 122.
LaTeX Font Info:    Overwriting math alphabet `\mathtt' in version `bold'
(Font)                  OT1/cmtt/m/n --> TU/lmtt/bx/n on input line 122.
\AtBeginShipoutBox=\box101
Package hyperref Info: Link coloring OFF on input line 122.

(c:/texlive/2019/texmf-dist/tex/latex/hyperref/nameref.sty
Package: nameref 2019/09/16 v2.46 Cross-referencing by name of section

(c:/texlive/2019/texmf-dist/tex/latex/oberdiek/refcount.sty
Package: refcount 2016/05/16 v3.5 Data extraction from label references (HO)
)
(c:/texlive/2019/texmf-dist/tex/generic/oberdiek/gettitlestring.sty
Package: gettitlestring 2016/05/16 v1.5 Cleanup title references (HO)
)
\c@section@level=\count375
)
LaTeX Info: Redefining \ref on input line 122.
LaTeX Info: Redefining \pageref on input line 122.
LaTeX Info: Redefining \nameref on input line 122.

(./gregorio-tex-render.out) (./gregorio-tex-render.out)
\@outlinefile=\write5

\openout5 = gregorio-tex-render.out

ABD: EverySelectfont initializing macros
LaTeX Info: Redefining \selectfont on input line 122.
)
(./chants/misc.deus_in_adjutorium-5_2_1.gtex
Inserting `gregoriotex.post_linebreak' at position 1 in `post_linebreak_filter'.
Inserting `gregoriotex.disable_hyphenation' at position 1 in `hyphenate'.
Removing  `gregoriotex.post_linebreak' from `post_linebreak_filter'.
Removing  `gregoriotex.disable_hyphenation' from `hyphenate'.) [1

{c:/texlive/2019/texmf-var/fonts/map/pdftex/updmap/pdftex.map}]
Module gregoriotex Info: chants/misc.domine_labia.gabc has been modified and cha
nts/misc.domine_labia-5_2_1.gtex needs to be updated. Recompiling the gabc file.
 on input line 7
Module gregoriotex Info: compiling the score chants/misc.domine_labia.gabc... on
 input line 7
Module gregoriotex Info: will use gregorio-5_2_1 on input line 7
 (./chants/misc.domine_labia-5_2_1.gtex
Inserting `gregoriotex.post_linebreak' at position 1 in `post_linebreak_filter'.
Inserting `gregoriotex.disable_hyphenation' at position 1 in `hyphenate'.
Removing  `gregoriotex.post_linebreak' from `post_linebreak_filter'.
Removing  `gregoriotex.disable_hyphenation' from `hyphenate'.)
[2]
Package atveryend Info: Empty hook `BeforeClearDocument' on input line 10.
Package atveryend Info: Empty hook `AfterLastShipout' on input line 10.
 (./gregorio-tex-render.aux)
Package atveryend Info: Executing hook `AtVeryEndDocument' on input line 10.
Package atveryend Info: Executing hook `AtEndAfterFileList' on input line 10.
Package rerunfilecheck Info: File `gregorio-tex-render.out' has not changed.
(rerunfilecheck)             Checksum: D41D8CD98F00B204E9800998ECF8427E;0.
)

Here is how much of LuaTeX's memory you used:
 47669 strings out of 493856
 100000,1144653 words of node,token memory allocated
 1462 words of node memory still in use:
   21 hlist, 4 vlist, 10 rule, 1 local_par, 12 glue, 15 kern, 7 penalty, 8 glyph
, 135 attribute, 102 glue_spec, 26 attribute_list, 1 write, 1 user_defined nodes

   avail lists: 1:1,2:7522,3:715,4:14,5:1097,6:86,7:974,8:2,9:1291,10:11
 51482 multiletter control sequences out of 65536+600000
 58 fonts using 16316835 bytes
 55i,11n,111p,867b,429s stack positions out of 5000i,500n,10000p,200000b,100000s
Module gregoriotex Info: Writing gregorio-tex-render.gaux on input line 0
Module gregoriotex Warning: Line heights or variable brace lengths may have chan
ged. Rerun to fix. on input line 0
<c:/texlive/texmf-local/fonts/truetype/public/gregoriotex/greextra.ttf><c:/texli
ve/texmf-local/fonts/truetype/public/gregoriotex/greciliae-op.ttf><c:/texlive/te
xmf-local/fonts/truetype/public/LTCGoudyOldstylePro/LTCGoudyOldstylePro.ttf>
Output written on gregorio-tex-render.pdf (2 pages, 14947 bytes).

PDF statistics: 38 PDF objects out of 1000 (max. 8388607)
 24 compressed objects within 1 object stream
 3 named destinations out of 1000 (max. 131072)
 1 words of extra memory for PDF output out of 10000 (max. 100000000)

